<?xml version="1.0" encoding="UTF-8"?>
<testng-results skipped="1" failed="0" total="1" passed="0">
  <reporter-output>
  </reporter-output>
  <suite name="Default suite" duration-ms="16" started-at="2020-12-14T09:19:40Z" finished-at="2020-12-14T09:19:40Z">
    <groups>
    </groups>
    <test name="Default test" duration-ms="16" started-at="2020-12-14T09:19:40Z" finished-at="2020-12-14T09:19:40Z">
      <class name="com.visionit.orangehrm.testCases.Login_Tc_001_2">
        <test-method status="FAIL" signature="setupSuite()[pri:0, instance:com.visionit.orangehrm.testCases.Login_Tc_001_2@29774679]" name="setupSuite" is-config="true" duration-ms="0" started-at="2020-12-14T14:49:40Z" finished-at="2020-12-14T14:49:40Z">
          <exception class="java.lang.NoClassDefFoundError">
            <message>
              <![CDATA[org/apache/commons/collections4/ListValuedMap]]>
            </message>
            <full-stacktrace>
              <![CDATA[java.lang.NoClassDefFoundError: org/apache/commons/collections4/ListValuedMap
	at com.visionit.organgehrm.utilities.XLSXDataProvider.<init>(XLSXDataProvider.java:16)
	at com.visionit.orangehrm.pageObject.TestBase2.setupSuite(TestBase2.java:27)
	at sun.reflect.NativeMethodAccessorImpl.invoke0(Native Method)
	at sun.reflect.NativeMethodAccessorImpl.invoke(Unknown Source)
	at sun.reflect.DelegatingMethodAccessorImpl.invoke(Unknown Source)
	at java.lang.reflect.Method.invoke(Unknown Source)
	at org.testng.internal.MethodInvocationHelper.invokeMethod(MethodInvocationHelper.java:100)
	at org.testng.internal.Invoker.invokeConfigurationMethod(Invoker.java:515)
	at org.testng.internal.Invoker.invokeConfigurations(Invoker.java:216)
	at org.testng.internal.Invoker.invokeConfigurations(Invoker.java:143)
	at org.testng.SuiteRunner.privateRun(SuiteRunner.java:307)
	at org.testng.SuiteRunner.run(SuiteRunner.java:270)
	at org.testng.SuiteRunnerWorker.runSuite(SuiteRunnerWorker.java:52)
	at org.testng.SuiteRunnerWorker.run(SuiteRunnerWorker.java:86)
	at org.testng.TestNG.runSuitesSequentially(TestNG.java:1284)
	at org.testng.TestNG.runSuitesLocally(TestNG.java:1209)
	at org.testng.TestNG.runSuites(TestNG.java:1124)
	at org.testng.TestNG.run(TestNG.java:1096)
	at org.testng.remote.AbstractRemoteTestNG.run(AbstractRemoteTestNG.java:132)
	at org.testng.remote.RemoteTestNG.initAndRun(RemoteTestNG.java:236)
	at org.testng.remote.RemoteTestNG.main(RemoteTestNG.java:81)
Caused by: java.lang.ClassNotFoundException: org.apache.commons.collections4.ListValuedMap
	at java.net.URLClassLoader.findClass(Unknown Source)
	at java.lang.ClassLoader.loadClass(Unknown Source)
	at sun.misc.Launcher$AppClassLoader.loadClass(Unknown Source)
	at java.lang.ClassLoader.loadClass(Unknown Source)
	... 21 more
]]>
            </full-stacktrace>
          </exception> <!-- java.lang.NoClassDefFoundError -->
          <reporter-output>
          </reporter-output>
        </test-method> <!-- setupSuite -->
        <test-method status="SKIP" signature="tearDown()[pri:0, instance:com.visionit.orangehrm.testCases.Login_Tc_001_2@29774679]" name="tearDown" is-config="true" duration-ms="0" started-at="2020-12-14T14:49:40Z" finished-at="2020-12-14T14:49:40Z">
          <reporter-output>
          </reporter-output>
        </test-method> <!-- tearDown -->
        <test-method status="SKIP" signature="setUp(java.lang.String)[pri:0, instance:com.visionit.orangehrm.testCases.Login_Tc_001_2@29774679]" name="setUp" is-config="true" duration-ms="0" started-at="2020-12-14T14:49:40Z" finished-at="2020-12-14T14:49:40Z">
          <reporter-output>
          </reporter-output>
        </test-method> <!-- setUp -->
        <test-method status="SKIP" signature="loginOrgangeHrmTest1()[pri:0, instance:com.visionit.orangehrm.testCases.Login_Tc_001_2@29774679]" name="loginOrgangeHrmTest1" duration-ms="0" started-at="2020-12-14T14:49:40Z" finished-at="2020-12-14T14:49:40Z">
          <reporter-output>
          </reporter-output>
        </test-method> <!-- loginOrgangeHrmTest1 -->
      </class> <!-- com.visionit.orangehrm.testCases.Login_Tc_001_2 -->
    </test> <!-- Default test -->
  </suite> <!-- Default suite -->
</testng-results>
